<?xml version="1.0" encoding="UTF-8"?>
<testsuite xmlns:xsi="http://www.w3.org/2001/XMLSchema-instance" xsi:noNamespaceSchemaLocation="https://maven.apache.org/surefire/maven-surefire-plugin/xsd/surefire-test-report-3.0.xsd" version="3.0" name="CreateOrderTest" time="0.61" tests="4" errors="0" skipped="0" failures="0">
  <properties>
[...]
</properties>
  <testcase name="createOrder[Цвет  - [BLACK, GREY]]" classname="CreateOrderTest" time="0.152">
    <system-out><![CDATA[Request method:	POST
Request URI:	http://qa-scooter.praktikum-services.ru/api/v1/orders
Proxy:			<none>
Request params:	<none>
Query params:	<none>
Form params:	<none>
Path params:	<none>
Headers:		Accept=*/*
				Content-Type=application/json
Cookies:		<none>
Multiparts:		<none>
Body:
{
    "firstName": "ttwyraVHQV",
    "lastName": "ZmdYBYLuFP",
    "address": "FWcoCCLwzv",
    "metroStation": 83,
    "phone": "+7 418 291 36 05",
    "rentTime": 582,
    "deliveryDate": "2025-01-14",
    "comment": "oyCfpbPfyr",
    "color": [
        "BLACK",
        "GREY"
    ]
}
HTTP/1.1 201 Created
Access-Control-Allow-Origin: *
Content-Length: 16
Content-Type: application/json; charset=utf-8
Date: Tue, 14 Jan 2025 20:24:32 GMT
ETag: W/"10-0mlpBXBHet6jD46HZRGiESlIqKU"
Set-Cookie: _yasc=1t9ad3mYIjeh/WoLI5qkCOH/c4RdyjXpdoTw8AptXIBczLypq3DEu+YufncKZLlraQ==; domain=.praktikum-services.ru; path=/; expires=Fri, 12 Jan 2035 20:24:32 GMT; secure
X-Powered-By: Express
X-Request-Id: 1736886272168590-1109270801345723674

{
    "track": 259209
}
]]></system-out>
  </testcase>
  <testcase name="createOrder[Цвет  - [BLACK]]" classname="CreateOrderTest" time="0.129">
    <system-out><![CDATA[Request method:	POST
Request URI:	http://qa-scooter.praktikum-services.ru/api/v1/orders
Proxy:			<none>
Request params:	<none>
Query params:	<none>
Form params:	<none>
Path params:	<none>
Headers:		Accept=*/*
				Content-Type=application/json
Cookies:		<none>
Multiparts:		<none>
Body:
{
    "firstName": "ttwyraVHQV",
    "lastName": "ZmdYBYLuFP",
    "address": "FWcoCCLwzv",
    "metroStation": 83,
    "phone": "+7 418 291 36 05",
    "rentTime": 582,
    "deliveryDate": "2025-01-14",
    "comment": "oyCfpbPfyr",
    "color": [
        "BLACK"
    ]
}
HTTP/1.1 201 Created
Access-Control-Allow-Origin: *
Content-Length: 16
Content-Type: application/json; charset=utf-8
Date: Tue, 14 Jan 2025 20:24:32 GMT
ETag: W/"10-TFk5/g75rLcm5cHt0azk5d08NaM"
Set-Cookie: _yasc=3TUfdflERRtZLgM7bxs84yCToXGqz+hB4VgiEY6+YwcWGKwx5y/d0rxcMsaoSAtVzw==; domain=.praktikum-services.ru; path=/; expires=Fri, 12 Jan 2035 20:24:32 GMT; secure
X-Powered-By: Express
X-Request-Id: 1736886272307823-12965076987299997766

{
    "track": 952028
}
]]></system-out>
  </testcase>
  <testcase name="createOrder[Цвет  - [GREY]]" classname="CreateOrderTest" time="0.189">
    <system-out><![CDATA[Request method:	POST
Request URI:	http://qa-scooter.praktikum-services.ru/api/v1/orders
Proxy:			<none>
Request params:	<none>
Query params:	<none>
Form params:	<none>
Path params:	<none>
Headers:		Accept=*/*
				Content-Type=application/json
Cookies:		<none>
Multiparts:		<none>
Body:
{
    "firstName": "ttwyraVHQV",
    "lastName": "ZmdYBYLuFP",
    "address": "FWcoCCLwzv",
    "metroStation": 83,
    "phone": "+7 418 291 36 05",
    "rentTime": 582,
    "deliveryDate": "2025-01-14",
    "comment": "oyCfpbPfyr",
    "color": [
        "GREY"
    ]
}
HTTP/1.1 201 Created
Access-Control-Allow-Origin: *
Content-Length: 15
Content-Type: application/json; charset=utf-8
Date: Tue, 14 Jan 2025 20:24:32 GMT
ETag: W/"f-+H7s0pBzmceZtBGf4QptPBkWj6Q"
Set-Cookie: _yasc=6WPJwnApFu1b4N14xKyqWF+PNKtq7Gt9F+x1aYaPu7pVtNiOST8jAn6qPs2is2t7Xw==; domain=.praktikum-services.ru; path=/; expires=Fri, 12 Jan 2035 20:24:32 GMT; secure
X-Powered-By: Express
X-Request-Id: 1736886272440161-18370742982200536825

{
    "track": 77827
}
]]></system-out>
  </testcase>
  <testcase name="createOrder[Цвет  - []]" classname="CreateOrderTest" time="0.128">
    <system-out><![CDATA[Request method:	POST
Request URI:	http://qa-scooter.praktikum-services.ru/api/v1/orders
Proxy:			<none>
Request params:	<none>
Query params:	<none>
Form params:	<none>
Path params:	<none>
Headers:		Accept=*/*
				Content-Type=application/json
Cookies:		<none>
Multiparts:		<none>
Body:
{
    "firstName": "ttwyraVHQV",
    "lastName": "ZmdYBYLuFP",
    "address": "FWcoCCLwzv",
    "metroStation": 83,
    "phone": "+7 418 291 36 05",
    "rentTime": 582,
    "deliveryDate": "2025-01-14",
    "comment": "oyCfpbPfyr",
    "color": [
        
    ]
}
HTTP/1.1 201 Created
Access-Control-Allow-Origin: *
Content-Length: 16
Content-Type: application/json; charset=utf-8
Date: Tue, 14 Jan 2025 20:24:32 GMT
ETag: W/"10-GcmqrGs84h/fyngAIaFOa6HIqvA"
Set-Cookie: _yasc=3vRrQAw5j9Of9nyjz+Vh9gEyuJgDsljlHG6b1r9NHtGcubZIH9B9W6R57c4NaYlC; domain=.praktikum-services.ru; path=/; expires=Fri, 12 Jan 2035 20:24:32 GMT; secure
X-Powered-By: Express
X-Request-Id: 1736886272626074-2686126095647709508

{
    "track": 107487
}
]]></system-out>
  </testcase>
</testsuite>