<?xml version="1.0" encoding="UTF-8"?>
<testsuite xmlns:xsi="http://www.w3.org/2001/XMLSchema-instance" xsi:noNamespaceSchemaLocation="https://maven.apache.org/surefire/maven-surefire-plugin/xsd/surefire-test-report-3.0.xsd" version="3.0" name="LoginCourierTest" time="6.744" tests="4" errors="0" skipped="0" failures="1">
  <properties>
[...]
</properties>
  <testcase name="nonExistentLoginAndPassword" classname="LoginCourierTest" time="0.132">
    <failure message="1 expectation failed.&#10;JSON path message doesn&apos;t match.&#10;Expected: Учетная запись не найдена&#10;  Actual: null&#10;" type="java.lang.AssertionError"><![CDATA[java.lang.AssertionError: 
1 expectation failed.
JSON path message doesn't match.
Expected: Учетная запись не найдена
  Actual: null

	at java.base/jdk.internal.reflect.NativeConstructorAccessorImpl.newInstance0(Native Method)
	at java.base/jdk.internal.reflect.NativeConstructorAccessorImpl.newInstance(NativeConstructorAccessorImpl.java:62)
	at java.base/jdk.internal.reflect.DelegatingConstructorAccessorImpl.newInstance(DelegatingConstructorAccessorImpl.java:45)
	at java.base/java.lang.reflect.Constructor.newInstance(Constructor.java:490)
	at org.codehaus.groovy.reflection.CachedConstructor.invoke(CachedConstructor.java:72)
	at org.codehaus.groovy.reflection.CachedConstructor.doConstructorInvoke(CachedConstructor.java:59)
	at org.codehaus.groovy.runtime.callsite.ConstructorSite$ConstructorSiteNoUnwrap.callConstructor(ConstructorSite.java:84)
	at org.codehaus.groovy.runtime.callsite.CallSiteArray.defaultCallConstructor(CallSiteArray.java:59)
	at org.codehaus.groovy.runtime.callsite.AbstractCallSite.callConstructor(AbstractCallSite.java:263)
	at org.codehaus.groovy.runtime.callsite.AbstractCallSite.callConstructor(AbstractCallSite.java:277)
	at io.restassured.internal.ResponseSpecificationImpl$HamcrestAssertionClosure.validate(ResponseSpecificationImpl.groovy:493)
	at io.restassured.internal.ResponseSpecificationImpl$HamcrestAssertionClosure$validate$1.call(Unknown Source)
	at io.restassured.internal.ResponseSpecificationImpl.validateResponseIfRequired(ResponseSpecificationImpl.groovy:674)
	at jdk.internal.reflect.GeneratedMethodAccessor88.invoke(Unknown Source)
	at java.base/jdk.internal.reflect.DelegatingMethodAccessorImpl.invoke(DelegatingMethodAccessorImpl.java:43)
	at java.base/java.lang.reflect.Method.invoke(Method.java:566)
	at org.codehaus.groovy.runtime.callsite.PlainObjectMetaMethodSite.doInvoke(PlainObjectMetaMethodSite.java:43)
	at org.codehaus.groovy.runtime.callsite.PogoMetaMethodSite$PogoCachedMethodSiteNoUnwrapNoCoerce.invoke(PogoMetaMethodSite.java:193)
	at org.codehaus.groovy.runtime.callsite.PogoMetaMethodSite.callCurrent(PogoMetaMethodSite.java:61)
	at org.codehaus.groovy.runtime.callsite.AbstractCallSite.callCurrent(AbstractCallSite.java:185)
	at io.restassured.internal.ResponseSpecificationImpl.body(ResponseSpecificationImpl.groovy:261)
	at io.restassured.specification.ResponseSpecification$body$0.callCurrent(Unknown Source)
	at org.codehaus.groovy.runtime.callsite.CallSiteArray.defaultCallCurrent(CallSiteArray.java:51)
	at io.restassured.specification.ResponseSpecification$body$0.callCurrent(Unknown Source)
	at io.restassured.internal.ResponseSpecificationImpl.body(ResponseSpecificationImpl.groovy:108)
	at io.restassured.internal.ValidatableResponseOptionsImpl.body(ValidatableResponseOptionsImpl.java:244)
	at io.restassured.internal.ValidatableResponseImpl.super$2$body(ValidatableResponseImpl.groovy)
	at java.base/jdk.internal.reflect.NativeMethodAccessorImpl.invoke0(Native Method)
	at java.base/jdk.internal.reflect.NativeMethodAccessorImpl.invoke(NativeMethodAccessorImpl.java:62)
	at java.base/jdk.internal.reflect.DelegatingMethodAccessorImpl.invoke(DelegatingMethodAccessorImpl.java:43)
	at java.base/java.lang.reflect.Method.invoke(Method.java:566)
	at org.codehaus.groovy.reflection.CachedMethod.invoke(CachedMethod.java:107)
	at groovy.lang.MetaMethod.doMethodInvoke(MetaMethod.java:323)
	at groovy.lang.MetaClassImpl.invokeMethod(MetaClassImpl.java:1268)
	at org.codehaus.groovy.runtime.ScriptBytecodeAdapter.invokeMethodOnSuperN(ScriptBytecodeAdapter.java:144)
	at io.restassured.internal.ValidatableResponseImpl.body(ValidatableResponseImpl.groovy:298)
	at io.restassured.internal.ValidatableResponseImpl.body(ValidatableResponseImpl.groovy)
	at LoginCourierTest.nonExistentLoginAndPassword(LoginCourierTest.java:72)
	at java.base/jdk.internal.reflect.NativeMethodAccessorImpl.invoke0(Native Method)
	at java.base/jdk.internal.reflect.NativeMethodAccessorImpl.invoke(NativeMethodAccessorImpl.java:62)
	at java.base/jdk.internal.reflect.DelegatingMethodAccessorImpl.invoke(DelegatingMethodAccessorImpl.java:43)
	at java.base/java.lang.reflect.Method.invoke(Method.java:566)
	at org.junit.runners.model.FrameworkMethod$1.runReflectiveCall(FrameworkMethod.java:59)
	at org.junit.internal.runners.model.ReflectiveCallable.run(ReflectiveCallable.java:12)
	at org.junit.runners.model.FrameworkMethod.invokeExplosively(FrameworkMethod.java:56)
	at org.junit.internal.runners.statements.InvokeMethod.evaluate(InvokeMethod.java:17)
	at org.junit.runners.ParentRunner$3.evaluate(ParentRunner.java:306)
	at org.junit.runners.BlockJUnit4ClassRunner$1.evaluate(BlockJUnit4ClassRunner.java:100)
	at org.junit.runners.ParentRunner.runLeaf(ParentRunner.java:366)
	at org.junit.runners.BlockJUnit4ClassRunner.runChild(BlockJUnit4ClassRunner.java:103)
	at org.junit.runners.BlockJUnit4ClassRunner.runChild(BlockJUnit4ClassRunner.java:63)
	at org.junit.runners.ParentRunner$4.run(ParentRunner.java:331)
	at org.junit.runners.ParentRunner$1.schedule(ParentRunner.java:79)
	at org.junit.runners.ParentRunner.runChildren(ParentRunner.java:329)
	at org.junit.runners.ParentRunner.access$100(ParentRunner.java:66)
	at org.junit.runners.ParentRunner$2.evaluate(ParentRunner.java:293)
	at org.junit.runners.ParentRunner$3.evaluate(ParentRunner.java:306)
	at org.junit.runners.ParentRunner.run(ParentRunner.java:413)
	at org.apache.maven.surefire.junit4.JUnit4Provider.execute(JUnit4Provider.java:316)
	at org.apache.maven.surefire.junit4.JUnit4Provider.executeWithRerun(JUnit4Provider.java:240)
	at org.apache.maven.surefire.junit4.JUnit4Provider.executeTestSet(JUnit4Provider.java:214)
	at org.apache.maven.surefire.junit4.JUnit4Provider.invoke(JUnit4Provider.java:155)
	at org.apache.maven.surefire.booter.ForkedBooter.runSuitesInProcess(ForkedBooter.java:385)
	at org.apache.maven.surefire.booter.ForkedBooter.execute(ForkedBooter.java:162)
	at org.apache.maven.surefire.booter.ForkedBooter.run(ForkedBooter.java:507)
	at org.apache.maven.surefire.booter.ForkedBooter.main(ForkedBooter.java:495)
]]></failure>
    <system-out><![CDATA[Request method:	POST
Request URI:	http://qa-scooter.praktikum-services.ru/api/v1/courier/login
Proxy:			<none>
Request params:	<none>
Query params:	<none>
Form params:	<none>
Path params:	<none>
Headers:		Accept=*/*
				Content-Type=application/json
Cookies:		<none>
Multiparts:		<none>
Body:
{
    "login": "ioMSgtGEKs",
    "password": "zHlCMcfzyP"
}
HTTP/1.1 200 OK
Access-Control-Allow-Origin: *
Content-Length: 13
Content-Type: application/json; charset=utf-8
Date: Tue, 14 Jan 2025 20:25:32 GMT
ETag: W/"d-aLq7L9sDmW1l9UCLTkDUgGTVfsc"
Set-Cookie: _yasc=WHwaeH5LOu7A0mwj8ykIHEbbxrrNuywFKP4/sNrfJjQmRtjodFijMOPjw1M2d6O/jg==; domain=.praktikum-services.ru; path=/; expires=Fri, 12 Jan 2035 20:25:32 GMT; secure
X-Powered-By: Express
X-Request-Id: 1736886332939643-4138630652606667921

{
    "id": 447233
}
]]></system-out>
  </testcase>
  <testcase name="loginCourier" classname="LoginCourierTest" time="6.172">
    <system-out><![CDATA[Request method:	POST
Request URI:	http://qa-scooter.praktikum-services.ru/api/v1/courier
Proxy:			<none>
Request params:	<none>
Query params:	<none>
Form params:	<none>
Path params:	<none>
Headers:		Accept=*/*
				Content-Type=application/json
Cookies:		<none>
Multiparts:		<none>
Body:
{
    "login": "ioMSgtGEKs",
    "password": "zHlCMcfzyP",
    "firstName": "pkWQKBgDhD"
}
HTTP/1.1 409 Conflict
Access-Control-Allow-Origin: *
Content-Length: 112
Content-Type: application/json; charset=utf-8
Date: Tue, 14 Jan 2025 20:25:39 GMT
ETag: W/"70-sLG1ZktNk+Ab3iaKUMwxkdL4FJo"
Set-Cookie: _yasc=Lsu7TXILU4kPFsU4zTcGH5x17mCMOtmCNc5HQzX3jp4tDhWDz8xo5z/0ZRtW1JGc; domain=.praktikum-services.ru; path=/; expires=Fri, 12 Jan 2035 20:25:33 GMT; secure
X-Powered-By: Express
X-Request-Id: 1736886333098966-1803082204739977966

{
    "code": 409,
    "message": "Этот логин уже используется. Попробуйте другой."
}
HTTP/1.1 409 Conflict
Access-Control-Allow-Origin: *
Content-Length: 112
Content-Type: application/json; charset=utf-8
Date: Tue, 14 Jan 2025 20:25:39 GMT
ETag: W/"70-sLG1ZktNk+Ab3iaKUMwxkdL4FJo"
Set-Cookie: _yasc=Lsu7TXILU4kPFsU4zTcGH5x17mCMOtmCNc5HQzX3jp4tDhWDz8xo5z/0ZRtW1JGc; domain=.praktikum-services.ru; path=/; expires=Fri, 12 Jan 2035 20:25:33 GMT; secure
X-Powered-By: Express
X-Request-Id: 1736886333098966-1803082204739977966

{
    "code": 409,
    "message": "Этот логин уже используется. Попробуйте другой."
}
Request method:	POST
Request URI:	http://qa-scooter.praktikum-services.ru/api/v1/courier/login
Proxy:			<none>
Request params:	<none>
Query params:	<none>
Form params:	<none>
Path params:	<none>
Headers:		Accept=*/*
				Content-Type=application/json
Cookies:		<none>
Multiparts:		<none>
Body:
{
    "login": "ioMSgtGEKs",
    "password": "zHlCMcfzyP"
}
HTTP/1.1 200 OK
Access-Control-Allow-Origin: *
Content-Length: 13
Content-Type: application/json; charset=utf-8
Date: Tue, 14 Jan 2025 20:25:39 GMT
ETag: W/"d-aLq7L9sDmW1l9UCLTkDUgGTVfsc"
Set-Cookie: _yasc=RliTl/xcjbZUdOEPRUWTUyPCSJ+6eGFr/0HshlboDryRsp/bmOcFF9F7tEsT8i9D; domain=.praktikum-services.ru; path=/; expires=Fri, 12 Jan 2035 20:25:39 GMT; secure
X-Powered-By: Express
X-Request-Id: 1736886339109663-2509101089184417103

{
    "id": 447233
}
]]></system-out>
  </testcase>
  <testcase name="loginCourierWithoutLogin" classname="LoginCourierTest" time="0.203">
    <system-out><![CDATA[Request method:	POST
Request URI:	http://qa-scooter.praktikum-services.ru/api/v1/courier
Proxy:			<none>
Request params:	<none>
Query params:	<none>
Form params:	<none>
Path params:	<none>
Headers:		Accept=*/*
				Content-Type=application/json
Cookies:		<none>
Multiparts:		<none>
Body:
{
    "login": "ioMSgtGEKs",
    "password": "zHlCMcfzyP",
    "firstName": "pkWQKBgDhD"
}
HTTP/1.1 409 Conflict
Access-Control-Allow-Origin: *
Content-Length: 112
Content-Type: application/json; charset=utf-8
Date: Tue, 14 Jan 2025 20:25:39 GMT
ETag: W/"70-sLG1ZktNk+Ab3iaKUMwxkdL4FJo"
Set-Cookie: _yasc=0MoJfZxsegEiUNPdgrnZdQSRKW8Xi2UhyDIOzU3/XHectv6UOOaRCsTq7cnIn0hCKA==; domain=.praktikum-services.ru; path=/; expires=Fri, 12 Jan 2035 20:25:39 GMT; secure
X-Powered-By: Express
X-Request-Id: 1736886339260821-71574102764840718

{
    "code": 409,
    "message": "Этот логин уже используется. Попробуйте другой."
}
HTTP/1.1 409 Conflict
Access-Control-Allow-Origin: *
Content-Length: 112
Content-Type: application/json; charset=utf-8
Date: Tue, 14 Jan 2025 20:25:39 GMT
ETag: W/"70-sLG1ZktNk+Ab3iaKUMwxkdL4FJo"
Set-Cookie: _yasc=0MoJfZxsegEiUNPdgrnZdQSRKW8Xi2UhyDIOzU3/XHectv6UOOaRCsTq7cnIn0hCKA==; domain=.praktikum-services.ru; path=/; expires=Fri, 12 Jan 2035 20:25:39 GMT; secure
X-Powered-By: Express
X-Request-Id: 1736886339260821-71574102764840718

{
    "code": 409,
    "message": "Этот логин уже используется. Попробуйте другой."
}
Request method:	POST
Request URI:	http://qa-scooter.praktikum-services.ru/api/v1/courier/login
Proxy:			<none>
Request params:	<none>
Query params:	<none>
Form params:	<none>
Path params:	<none>
Headers:		Accept=*/*
				Content-Type=application/json
Cookies:		<none>
Multiparts:		<none>
Body:
{
    "login": "",
    "password": "zHlCMcfzyP"
}
HTTP/1.1 400 Bad Request
Access-Control-Allow-Origin: *
Content-Length: 80
Content-Type: application/json; charset=utf-8
Date: Tue, 14 Jan 2025 20:25:39 GMT
ETag: W/"50-LwGSJxcCDIE8JNxAo8HI82cPc8A"
Set-Cookie: _yasc=YUUotVXj+tpaBtHOLbGi537lIa+F8D5UJyq4K0VdiDN7AlfPPVE6c+IeK3gSPcXFXw==; domain=.praktikum-services.ru; path=/; expires=Fri, 12 Jan 2035 20:25:39 GMT; secure
X-Powered-By: Express
X-Request-Id: 1736886339367268-2987510177554151754

{
    "code": 400,
    "message": "Недостаточно данных для входа"
}
HTTP/1.1 400 Bad Request
Access-Control-Allow-Origin: *
Content-Length: 80
Content-Type: application/json; charset=utf-8
Date: Tue, 14 Jan 2025 20:25:39 GMT
ETag: W/"50-LwGSJxcCDIE8JNxAo8HI82cPc8A"
Set-Cookie: _yasc=YUUotVXj+tpaBtHOLbGi537lIa+F8D5UJyq4K0VdiDN7AlfPPVE6c+IeK3gSPcXFXw==; domain=.praktikum-services.ru; path=/; expires=Fri, 12 Jan 2035 20:25:39 GMT; secure
X-Powered-By: Express
X-Request-Id: 1736886339367268-2987510177554151754

{
    "code": 400,
    "message": "Недостаточно данных для входа"
}
]]></system-out>
  </testcase>
  <testcase name="loginCourierWithoutPassword" classname="LoginCourierTest" time="0.235">
    <system-out><![CDATA[Request method:	POST
Request URI:	http://qa-scooter.praktikum-services.ru/api/v1/courier
Proxy:			<none>
Request params:	<none>
Query params:	<none>
Form params:	<none>
Path params:	<none>
Headers:		Accept=*/*
				Content-Type=application/json
Cookies:		<none>
Multiparts:		<none>
Body:
{
    "login": "ioMSgtGEKs",
    "password": "zHlCMcfzyP",
    "firstName": "pkWQKBgDhD"
}
HTTP/1.1 409 Conflict
Access-Control-Allow-Origin: *
Content-Length: 112
Content-Type: application/json; charset=utf-8
Date: Tue, 14 Jan 2025 20:25:39 GMT
ETag: W/"70-sLG1ZktNk+Ab3iaKUMwxkdL4FJo"
Set-Cookie: _yasc=oLE9tu0b2eUnW2d/F+nuwF+55Sv7Mmz02DRtJoruxfUV+vzzYZSAyJuzZFVgsflf; domain=.praktikum-services.ru; path=/; expires=Fri, 12 Jan 2035 20:25:39 GMT; secure
X-Powered-By: Express
X-Request-Id: 1736886339481046-18051441213831493130

{
    "code": 409,
    "message": "Этот логин уже используется. Попробуйте другой."
}
HTTP/1.1 409 Conflict
Access-Control-Allow-Origin: *
Content-Length: 112
Content-Type: application/json; charset=utf-8
Date: Tue, 14 Jan 2025 20:25:39 GMT
ETag: W/"70-sLG1ZktNk+Ab3iaKUMwxkdL4FJo"
Set-Cookie: _yasc=oLE9tu0b2eUnW2d/F+nuwF+55Sv7Mmz02DRtJoruxfUV+vzzYZSAyJuzZFVgsflf; domain=.praktikum-services.ru; path=/; expires=Fri, 12 Jan 2035 20:25:39 GMT; secure
X-Powered-By: Express
X-Request-Id: 1736886339481046-18051441213831493130

{
    "code": 409,
    "message": "Этот логин уже используется. Попробуйте другой."
}
Request method:	POST
Request URI:	http://qa-scooter.praktikum-services.ru/api/v1/courier/login
Proxy:			<none>
Request params:	<none>
Query params:	<none>
Form params:	<none>
Path params:	<none>
Headers:		Accept=*/*
				Content-Type=application/json
Cookies:		<none>
Multiparts:		<none>
Body:
{
    "login": "ioMSgtGEKs",
    "password": ""
}
HTTP/1.1 400 Bad Request
Access-Control-Allow-Origin: *
Content-Length: 80
Content-Type: application/json; charset=utf-8
Date: Tue, 14 Jan 2025 20:25:39 GMT
ETag: W/"50-LwGSJxcCDIE8JNxAo8HI82cPc8A"
Set-Cookie: _yasc=6DxYkJENDGXC2LIwtICO8kEIH/EBBzb5nOoTXmLc2PxwCCdP8f4ZS+bsE6DpSi2Nsg==; domain=.praktikum-services.ru; path=/; expires=Fri, 12 Jan 2035 20:25:39 GMT; secure
X-Powered-By: Express
X-Request-Id: 1736886339594162-1896871224911040973

{
    "code": 400,
    "message": "Недостаточно данных для входа"
}
HTTP/1.1 400 Bad Request
Access-Control-Allow-Origin: *
Content-Length: 80
Content-Type: application/json; charset=utf-8
Date: Tue, 14 Jan 2025 20:25:39 GMT
ETag: W/"50-LwGSJxcCDIE8JNxAo8HI82cPc8A"
Set-Cookie: _yasc=6DxYkJENDGXC2LIwtICO8kEIH/EBBzb5nOoTXmLc2PxwCCdP8f4ZS+bsE6DpSi2Nsg==; domain=.praktikum-services.ru; path=/; expires=Fri, 12 Jan 2035 20:25:39 GMT; secure
X-Powered-By: Express
X-Request-Id: 1736886339594162-1896871224911040973

{
    "code": 400,
    "message": "Недостаточно данных для входа"
}
]]></system-out>
  </testcase>
</testsuite>