<?xml version="1.0" encoding="UTF-8"?>
<testsuite xmlns:xsi="http://www.w3.org/2001/XMLSchema-instance" xsi:noNamespaceSchemaLocation="https://maven.apache.org/surefire/maven-surefire-plugin/xsd/surefire-test-report-3.0.xsd" version="3.0" name="CreateCourierTest" time="3.838" tests="4" errors="0" skipped="0" failures="0">
  <properties>
[...]
</properties>
  <testcase name="createCourier" classname="CreateCourierTest" time="3.138">
    <system-out><![CDATA[Request method:	POST
Request URI:	http://qa-scooter.praktikum-services.ru/api/v1/courier
Proxy:			<none>
Request params:	<none>
Query params:	<none>
Form params:	<none>
Path params:	<none>
Headers:		Accept=*/*
				Content-Type=application/json
Cookies:		<none>
Multiparts:		<none>
Body:
{
    "login": "ioMSgtGEKs",
    "password": "zHlCMcfzyP",
    "firstName": "pkWQKBgDhD"
}
HTTP/1.1 201 Created
Access-Control-Allow-Origin: *
Content-Length: 11
Content-Type: application/json; charset=utf-8
Date: Tue, 14 Jan 2025 20:24:30 GMT
ETag: W/"b-Ai2R8hgEarLmHKwesT1qcY913ys"
Set-Cookie: _yasc=YnIItfotoaiOKmsAJ/A3ND9M+CU4TsezsK23nSsvvwWL3GN1e7M8C1Il3vfWkk1/Og==; domain=.praktikum-services.ru; path=/; expires=Fri, 12 Jan 2035 20:24:30 GMT; secure
X-Powered-By: Express
X-Request-Id: 1736886270577705-15627700262401354774

{
    "ok": true
}
]]></system-out>
  </testcase>
  <testcase name="createCourierWithoutLogin" classname="CreateCourierTest" time="0.137">
    <system-out><![CDATA[Request method:	POST
Request URI:	http://qa-scooter.praktikum-services.ru/api/v1/courier
Proxy:			<none>
Request params:	<none>
Query params:	<none>
Form params:	<none>
Path params:	<none>
Headers:		Accept=*/*
				Content-Type=application/json
Cookies:		<none>
Multiparts:		<none>
Body:
{
    "login": null,
    "password": "zHlCMcfzyP",
    "firstName": "pkWQKBgDhD"
}
HTTP/1.1 400 Bad Request
Access-Control-Allow-Origin: *
Content-Length: 114
Content-Type: application/json; charset=utf-8
Date: Tue, 14 Jan 2025 20:24:31 GMT
ETag: W/"72-AUDx41VLe1HSztSRMybiiyHwcKY"
Set-Cookie: _yasc=4oDJD5iOnDUZCoZJE7GfGdtl4vqmmH/JIMH6c+UytAtI3XTxezopaflaR3exEUX6FQ==; domain=.praktikum-services.ru; path=/; expires=Fri, 12 Jan 2035 20:24:31 GMT; secure
X-Powered-By: Express
X-Request-Id: 1736886271489443-14550810562716243722

{
    "code": 400,
    "message": "Недостаточно данных для создания учетной записи"
}
HTTP/1.1 400 Bad Request
Access-Control-Allow-Origin: *
Content-Length: 114
Content-Type: application/json; charset=utf-8
Date: Tue, 14 Jan 2025 20:24:31 GMT
ETag: W/"72-AUDx41VLe1HSztSRMybiiyHwcKY"
Set-Cookie: _yasc=4oDJD5iOnDUZCoZJE7GfGdtl4vqmmH/JIMH6c+UytAtI3XTxezopaflaR3exEUX6FQ==; domain=.praktikum-services.ru; path=/; expires=Fri, 12 Jan 2035 20:24:31 GMT; secure
X-Powered-By: Express
X-Request-Id: 1736886271489443-14550810562716243722

{
    "code": 400,
    "message": "Недостаточно данных для создания учетной записи"
}
]]></system-out>
  </testcase>
  <testcase name="createCourierWithoutPassword" classname="CreateCourierTest" time="0.176">
    <system-out><![CDATA[Request method:	POST
Request URI:	http://qa-scooter.praktikum-services.ru/api/v1/courier
Proxy:			<none>
Request params:	<none>
Query params:	<none>
Form params:	<none>
Path params:	<none>
Headers:		Accept=*/*
				Content-Type=application/json
Cookies:		<none>
Multiparts:		<none>
Body:
{
    "login": "ioMSgtGEKs",
    "password": null,
    "firstName": "pkWQKBgDhD"
}
HTTP/1.1 400 Bad Request
Access-Control-Allow-Origin: *
Content-Length: 114
Content-Type: application/json; charset=utf-8
Date: Tue, 14 Jan 2025 20:24:31 GMT
ETag: W/"72-AUDx41VLe1HSztSRMybiiyHwcKY"
Set-Cookie: _yasc=4A+AQc5HTV4QLZIxuS33/dIM7YKZmmUKHLZoTjBOZhBMROlkL9cZSkPYzRauAC2g; domain=.praktikum-services.ru; path=/; expires=Fri, 12 Jan 2035 20:24:31 GMT; secure
X-Powered-By: Express
X-Request-Id: 1736886271628959-10630955221694330419

{
    "code": 400,
    "message": "Недостаточно данных для создания учетной записи"
}
HTTP/1.1 400 Bad Request
Access-Control-Allow-Origin: *
Content-Length: 114
Content-Type: application/json; charset=utf-8
Date: Tue, 14 Jan 2025 20:24:31 GMT
ETag: W/"72-AUDx41VLe1HSztSRMybiiyHwcKY"
Set-Cookie: _yasc=4A+AQc5HTV4QLZIxuS33/dIM7YKZmmUKHLZoTjBOZhBMROlkL9cZSkPYzRauAC2g; domain=.praktikum-services.ru; path=/; expires=Fri, 12 Jan 2035 20:24:31 GMT; secure
X-Powered-By: Express
X-Request-Id: 1736886271628959-10630955221694330419

{
    "code": 400,
    "message": "Недостаточно данных для создания учетной записи"
}
]]></system-out>
  </testcase>
  <testcase name="dublicateCourier" classname="CreateCourierTest" time="0.311">
    <system-out><![CDATA[Request method:	POST
Request URI:	http://qa-scooter.praktikum-services.ru/api/v1/courier
Proxy:			<none>
Request params:	<none>
Query params:	<none>
Form params:	<none>
Path params:	<none>
Headers:		Accept=*/*
				Content-Type=application/json
Cookies:		<none>
Multiparts:		<none>
Body:
{
    "login": "ioMSgtGEKs",
    "password": "zHlCMcfzyP",
    "firstName": "pkWQKBgDhD"
}
HTTP/1.1 409 Conflict
Access-Control-Allow-Origin: *
Content-Length: 112
Content-Type: application/json; charset=utf-8
Date: Tue, 14 Jan 2025 20:24:31 GMT
ETag: W/"70-sLG1ZktNk+Ab3iaKUMwxkdL4FJo"
Set-Cookie: _yasc=8bUZVs8TwMYngKEc0hVIRQynXro2VVH/YCfb63gn4X/opv0W8vEoV+7zmmIG5Bxe; domain=.praktikum-services.ru; path=/; expires=Fri, 12 Jan 2035 20:24:31 GMT; secure
X-Powered-By: Express
X-Request-Id: 1736886271809159-2736864849166996605

{
    "code": 409,
    "message": "Этот логин уже используется. Попробуйте другой."
}
HTTP/1.1 409 Conflict
Access-Control-Allow-Origin: *
Content-Length: 112
Content-Type: application/json; charset=utf-8
Date: Tue, 14 Jan 2025 20:24:31 GMT
ETag: W/"70-sLG1ZktNk+Ab3iaKUMwxkdL4FJo"
Set-Cookie: _yasc=8bUZVs8TwMYngKEc0hVIRQynXro2VVH/YCfb63gn4X/opv0W8vEoV+7zmmIG5Bxe; domain=.praktikum-services.ru; path=/; expires=Fri, 12 Jan 2035 20:24:31 GMT; secure
X-Powered-By: Express
X-Request-Id: 1736886271809159-2736864849166996605

{
    "code": 409,
    "message": "Этот логин уже используется. Попробуйте другой."
}
Request method:	POST
Request URI:	http://qa-scooter.praktikum-services.ru/api/v1/courier
Proxy:			<none>
Request params:	<none>
Query params:	<none>
Form params:	<none>
Path params:	<none>
Headers:		Accept=*/*
				Content-Type=application/json
Cookies:		<none>
Multiparts:		<none>
Body:
{
    "login": "ioMSgtGEKs",
    "password": "zHlCMcfzyP",
    "firstName": "pkWQKBgDhD"
}
HTTP/1.1 409 Conflict
Access-Control-Allow-Origin: *
Content-Length: 112
Content-Type: application/json; charset=utf-8
Date: Tue, 14 Jan 2025 20:24:32 GMT
ETag: W/"70-sLG1ZktNk+Ab3iaKUMwxkdL4FJo"
Set-Cookie: _yasc=bu1t5duQ6cq4K3X8RlH3iJX3h5sbe05L/hMG54j9K1j0ZEo7kTj192zqce6Ya00s; domain=.praktikum-services.ru; path=/; expires=Fri, 12 Jan 2035 20:24:31 GMT; secure
X-Powered-By: Express
X-Request-Id: 1736886271982072-1045043707440628538

{
    "code": 409,
    "message": "Этот логин уже используется. Попробуйте другой."
}
HTTP/1.1 409 Conflict
Access-Control-Allow-Origin: *
Content-Length: 112
Content-Type: application/json; charset=utf-8
Date: Tue, 14 Jan 2025 20:24:32 GMT
ETag: W/"70-sLG1ZktNk+Ab3iaKUMwxkdL4FJo"
Set-Cookie: _yasc=bu1t5duQ6cq4K3X8RlH3iJX3h5sbe05L/hMG54j9K1j0ZEo7kTj192zqce6Ya00s; domain=.praktikum-services.ru; path=/; expires=Fri, 12 Jan 2035 20:24:31 GMT; secure
X-Powered-By: Express
X-Request-Id: 1736886271982072-1045043707440628538

{
    "code": 409,
    "message": "Этот логин уже используется. Попробуйте другой."
}
]]></system-out>
  </testcase>
</testsuite>